This file contains any messages produced by compilers while
running configure, to aid debugging if configure makes a mistake.

It was created by HTSlib configure 1.15-7-g8caa1db, which was
generated by GNU Autoconf 2.69.  Invocation command line was

  $ ./configure --enable-libcurl --enable-s3 --enable-lzma --enable-bz2 --with-libdeflate

## --------- ##
## Platform. ##
## --------- ##

hostname = kezwork.cf.ac.uk
uname -m = x86_64
uname -r = 20.2.0
uname -s = Darwin
uname -v = Darwin Kernel Version 20.2.0: Wed Dec  2 20:39:59 PST 2020; root:xnu-7195.60.75~1/RELEASE_X86_64

/usr/bin/uname -p = i386
/bin/uname -X     = unknown

/bin/arch              = unknown
/usr/bin/arch -k       = unknown
/usr/convex/getsysinfo = unknown
/usr/bin/hostinfo      = Mach kernel version:
	 Darwin Kernel Version 20.2.0: Wed Dec  2 20:39:59 PST 2020; root:xnu-7195.60.75~1/RELEASE_X86_64
Kernel configured for up to 8 processors.
4 processors are physically available.
8 processors are logically available.
Processor type: x86_64h (Intel x86-64h Haswell)
Processors active: 0 1 2 3 4 5 6 7
Primary memory available: 32.00 gigabytes
Default processor set: 486 tasks, 2209 threads, 8 processors
Load average: 3.27, Mach factor: 4.73
/bin/machine           = unknown
/usr/bin/oslevel       = unknown
/bin/universe          = unknown

PATH: /Library/Frameworks/Python.framework/Versions/3.10/bin
PATH: /Library/Frameworks/Python.framework/Versions/3.9/bin
PATH: /Library/Frameworks/Python.framework/Versions/3.8/bin
PATH: /Library/Frameworks/Python.framework/Versions/3.7/bin
PATH: /opt/anaconda3/condabin
PATH: /opt/local/bin
PATH: /opt/local/sbin
PATH: /opt/local/bin
PATH: /opt/local/sbin
PATH: /usr/bin
PATH: /usr/local/bin
PATH: ~/Documents/Pythonstuff
PATH: ~/Documents/Pythonstuff/test
PATH: ~/Documents/Tools/bin
PATH: ~/Documents/Tools
PATH: ~/Documents/Tools/bamtools/bin
PATH: /Users/kezcleal/Documents/Tools/IGVTools
PATH: /Users/kezcleal/Documents/Tools/seqan-build/debug
PATH: /Users/kezcleal/Documents/Tools/samblaster
PATH: /Users/kezcleal/Documents/Tools/bedtools2/bin
PATH: /Users/kezcleal/Documents/Tools/cap3
PATH: /Users/kezcleal/Documents/Tools/scala-2.11.8/bin
PATH: /Users/kezcleal/Documents/Tools/velvet_1.2.10
PATH: /Users/kezcleal/Documents/Tools/apache-maven-3.3.9/bin
PATH: /Users/kezcleal/Documents/Tools/hadoop-2.7.3/bin
PATH: /Users/kezcleal/Documents/Tools/spark-2.0.0-bin-hadoop2.7/bin
PATH: /Users/kezcleal/Documents/Tools/EMBOSS-6.6.0/emboss
PATH: /Users/kezcleal/Documents/Tools/nim-0.17.0/bin
PATH: ~/.nimble/bin
PATH: /Users/kezcleal/Documents/Tools/NextGenMap-0.5.5/bin/ngm-0.5.5
PATH: ~/.cargo/bin
PATH: /Users/kezcleal/Documents/Tools/bowtie2-2.3.4.3-macos-x86_64
PATH: /Users/kezcleal/Documents/Tools/seqtk
PATH: /usr/local/Cellar/gcc/8.2.0/bin
PATH: /opt/anaconda3/bin
PATH: /usr/local/bin
PATH: /usr/bin
PATH: /bin
PATH: /usr/sbin
PATH: /sbin
PATH: /Library/TeX/texbin
PATH: /usr/local/go/bin
PATH: /opt/X11/bin
PATH: /Library/Apple/usr/bin
PATH: /Library/Frameworks/Mono.framework/Versions/Current/Commands
PATH: /opt/ImageMagick/bin
PATH: /Applications/Xamarin Workbooks.app/Contents/SharedSupport/path-bin
PATH: /usr/local/ncbi/magicblast/bin


## ----------- ##
## Core tests. ##
## ----------- ##

configure:2220: checking for gcc
configure:2236: found /usr/bin/gcc
configure:2247: result: gcc
configure:2476: checking for C compiler version
configure:2485: gcc --version >&5
Apple clang version 12.0.5 (clang-1205.0.22.11)
Target: x86_64-apple-darwin20.2.0
Thread model: posix
InstalledDir: /Applications/Xcode.app/Contents/Developer/Toolchains/XcodeDefault.xctoolchain/usr/bin
Configured with: --prefix=/Applications/Xcode.app/Contents/Developer/usr --with-gxx-include-dir=/Library/Developer/CommandLineTools/SDKs/MacOSX.sdk/usr/include/c++/4.2.1
configure:2496: $? = 0
configure:2485: gcc -v >&5
Configured with: --prefix=/Applications/Xcode.app/Contents/Developer/usr --with-gxx-include-dir=/Library/Developer/CommandLineTools/SDKs/MacOSX.sdk/usr/include/c++/4.2.1
Apple clang version 12.0.5 (clang-1205.0.22.11)
Target: x86_64-apple-darwin20.2.0
Thread model: posix
InstalledDir: /Applications/Xcode.app/Contents/Developer/Toolchains/XcodeDefault.xctoolchain/usr/bin
configure:2496: $? = 0
configure:2485: gcc -V >&5
clang: error: argument to '-V' is missing (expected 1 value)
clang: error: no input files
configure:2496: $? = 1
configure:2485: gcc -qversion >&5
clang: error: unknown argument '-qversion'; did you mean '--version'?
clang: error: no input files
configure:2496: $? = 1
configure:2516: checking whether the C compiler works
configure:2538: gcc    conftest.c  >&5
configure:2542: $? = 0
configure:2590: result: yes
configure:2593: checking for C compiler default output file name
configure:2595: result: a.out
configure:2601: checking for suffix of executables
configure:2608: gcc -o conftest    conftest.c  >&5
configure:2612: $? = 0
configure:2634: result: 
configure:2656: checking whether we are cross compiling
configure:2664: gcc -o conftest    conftest.c  >&5
configure:2668: $? = 0
configure:2675: ./conftest
configure:2679: $? = 0
configure:2694: result: no
configure:2699: checking for suffix of object files
configure:2721: gcc -c   conftest.c >&5
configure:2725: $? = 0
configure:2746: result: o
configure:2750: checking whether we are using the GNU C compiler
configure:2769: gcc -c   conftest.c >&5
configure:2769: $? = 0
configure:2778: result: yes
configure:2787: checking whether gcc accepts -g
configure:2807: gcc -c -g  conftest.c >&5
configure:2807: $? = 0
configure:2848: result: yes
configure:2865: checking for gcc option to accept ISO C89
configure:2928: gcc  -c -g -O2  conftest.c >&5
configure:2928: $? = 0
configure:2941: result: none needed
configure:3004: checking for ranlib
configure:3020: found /usr/bin/ranlib
configure:3031: result: ranlib
configure:3054: checking for grep that handles long lines and -e
configure:3112: result: /usr/bin/grep
configure:3137: checking for C compiler warning flags
configure:3250: result: -Wall
configure:3391: checking for pkg-config
configure:3409: found /opt/local/bin/pkg-config
configure:3421: result: /opt/local/bin/pkg-config
configure:3446: checking pkg-config is at least version 0.9.0
configure:3449: result: yes
configure:3488: checking for special C compiler options needed for large files
configure:3533: result: no
configure:3539: checking for _FILE_OFFSET_BITS value needed for large files
configure:3564: gcc -c  -Wall -g -O2  conftest.c >&5
configure:3564: $? = 0
configure:3596: result: no
configure:3772: checking shared library type for unknown-Darwin
configure:3800: result: Darwin dylib
configure:3810: checking whether the compiler accepts -fvisibility=hidden
configure:3830: gcc -o conftest  -Wall -g -O2 -fvisibility=hidden   -fvisibility=hidden conftest.c  >&5
configure:3830: $? = 0
configure:3843: result: yes
configure:3897: checking how to run the C preprocessor
configure:3928: gcc -E  conftest.c
configure:3928: $? = 0
configure:3942: gcc -E  conftest.c
conftest.c:9:10: fatal error: 'ac_nonexistent.h' file not found
#include <ac_nonexistent.h>
         ^~~~~~~~~~~~~~~~~~
1 error generated.
configure:3942: $? = 1
configure: failed program was:
| /* confdefs.h */
| #define PACKAGE_NAME "HTSlib"
| #define PACKAGE_TARNAME "htslib"
| #define PACKAGE_VERSION "1.15-7-g8caa1db"
| #define PACKAGE_STRING "HTSlib 1.15-7-g8caa1db"
| #define PACKAGE_BUGREPORT "samtools-help@lists.sourceforge.net"
| #define PACKAGE_URL "http://www.htslib.org/"
| /* end confdefs.h.  */
| #include <ac_nonexistent.h>
configure:3967: result: gcc -E
configure:3987: gcc -E  conftest.c
configure:3987: $? = 0
configure:4001: gcc -E  conftest.c
conftest.c:9:10: fatal error: 'ac_nonexistent.h' file not found
#include <ac_nonexistent.h>
         ^~~~~~~~~~~~~~~~~~
1 error generated.
configure:4001: $? = 1
configure: failed program was:
| /* confdefs.h */
| #define PACKAGE_NAME "HTSlib"
| #define PACKAGE_TARNAME "htslib"
| #define PACKAGE_VERSION "1.15-7-g8caa1db"
| #define PACKAGE_STRING "HTSlib 1.15-7-g8caa1db"
| #define PACKAGE_BUGREPORT "samtools-help@lists.sourceforge.net"
| #define PACKAGE_URL "http://www.htslib.org/"
| /* end confdefs.h.  */
| #include <ac_nonexistent.h>
configure:4030: checking for egrep
configure:4092: result: /usr/bin/grep -E
configure:4097: checking for ANSI C header files
configure:4117: gcc -c  -Wall -g -O2 -fvisibility=hidden  conftest.c >&5
configure:4117: $? = 0
configure:4190: gcc -o conftest  -Wall -g -O2 -fvisibility=hidden   -fvisibility=hidden conftest.c  >&5
configure:4190: $? = 0
configure:4190: ./conftest
configure:4190: $? = 0
configure:4201: result: yes
configure:4214: checking for sys/types.h
configure:4214: gcc -c  -Wall -g -O2 -fvisibility=hidden  conftest.c >&5
configure:4214: $? = 0
configure:4214: result: yes
configure:4214: checking for sys/stat.h
configure:4214: gcc -c  -Wall -g -O2 -fvisibility=hidden  conftest.c >&5
configure:4214: $? = 0
configure:4214: result: yes
configure:4214: checking for stdlib.h
configure:4214: gcc -c  -Wall -g -O2 -fvisibility=hidden  conftest.c >&5
configure:4214: $? = 0
configure:4214: result: yes
configure:4214: checking for string.h
configure:4214: gcc -c  -Wall -g -O2 -fvisibility=hidden  conftest.c >&5
configure:4214: $? = 0
configure:4214: result: yes
configure:4214: checking for memory.h
configure:4214: gcc -c  -Wall -g -O2 -fvisibility=hidden  conftest.c >&5
configure:4214: $? = 0
configure:4214: result: yes
configure:4214: checking for strings.h
configure:4214: gcc -c  -Wall -g -O2 -fvisibility=hidden  conftest.c >&5
configure:4214: $? = 0
configure:4214: result: yes
configure:4214: checking for inttypes.h
configure:4214: gcc -c  -Wall -g -O2 -fvisibility=hidden  conftest.c >&5
configure:4214: $? = 0
configure:4214: result: yes
configure:4214: checking for stdint.h
configure:4214: gcc -c  -Wall -g -O2 -fvisibility=hidden  conftest.c >&5
configure:4214: $? = 0
configure:4214: result: yes
configure:4214: checking for unistd.h
configure:4214: gcc -c  -Wall -g -O2 -fvisibility=hidden  conftest.c >&5
configure:4214: $? = 0
configure:4214: result: yes
configure:4232: checking for stdlib.h
configure:4232: result: yes
configure:4232: checking for unistd.h
configure:4232: result: yes
configure:4232: checking for sys/param.h
configure:4232: gcc -c  -Wall -g -O2 -fvisibility=hidden  conftest.c >&5
configure:4232: $? = 0
configure:4232: result: yes
configure:4252: checking for getpagesize
configure:4252: gcc -o conftest  -Wall -g -O2 -fvisibility=hidden   -fvisibility=hidden conftest.c  >&5
configure:4252: $? = 0
configure:4252: result: yes
configure:4261: checking for working mmap
configure:4408: gcc -o conftest  -Wall -g -O2 -fvisibility=hidden   -fvisibility=hidden conftest.c  >&5
configure:4408: $? = 0
configure:4408: ./conftest
configure:4408: $? = 0
configure:4418: result: yes
configure:4430: checking for gmtime_r
configure:4430: gcc -o conftest  -Wall -g -O2 -fvisibility=hidden   -fvisibility=hidden conftest.c  >&5
configure:4430: $? = 0
configure:4430: result: yes
configure:4430: checking for fsync
configure:4430: gcc -o conftest  -Wall -g -O2 -fvisibility=hidden   -fvisibility=hidden conftest.c  >&5
configure:4430: $? = 0
configure:4430: result: yes
configure:4430: checking for drand48
configure:4430: gcc -o conftest  -Wall -g -O2 -fvisibility=hidden   -fvisibility=hidden conftest.c  >&5
configure:4430: $? = 0
configure:4430: result: yes
configure:4430: checking for srand48_deterministic
configure:4430: gcc -o conftest  -Wall -g -O2 -fvisibility=hidden   -fvisibility=hidden conftest.c  >&5
Undefined symbols for architecture x86_64:
  "_srand48_deterministic", referenced from:
      _main in conftest-e3fb15.o
ld: symbol(s) not found for architecture x86_64
clang: error: linker command failed with exit code 1 (use -v to see invocation)
configure:4430: $? = 1
configure: failed program was:
| /* confdefs.h */
| #define PACKAGE_NAME "HTSlib"
| #define PACKAGE_TARNAME "htslib"
| #define PACKAGE_VERSION "1.15-7-g8caa1db"
| #define PACKAGE_STRING "HTSlib 1.15-7-g8caa1db"
| #define PACKAGE_BUGREPORT "samtools-help@lists.sourceforge.net"
| #define PACKAGE_URL "http://www.htslib.org/"
| #define STDC_HEADERS 1
| #define HAVE_SYS_TYPES_H 1
| #define HAVE_SYS_STAT_H 1
| #define HAVE_STDLIB_H 1
| #define HAVE_STRING_H 1
| #define HAVE_MEMORY_H 1
| #define HAVE_STRINGS_H 1
| #define HAVE_INTTYPES_H 1
| #define HAVE_STDINT_H 1
| #define HAVE_UNISTD_H 1
| #define HAVE_STDLIB_H 1
| #define HAVE_UNISTD_H 1
| #define HAVE_SYS_PARAM_H 1
| #define HAVE_GETPAGESIZE 1
| #define HAVE_MMAP 1
| #define HAVE_GMTIME_R 1
| #define HAVE_FSYNC 1
| #define HAVE_DRAND48 1
| /* end confdefs.h.  */
| /* Define srand48_deterministic to an innocuous variant, in case <limits.h> declares srand48_deterministic.
|    For example, HP-UX 11i <limits.h> declares gettimeofday.  */
| #define srand48_deterministic innocuous_srand48_deterministic
| 
| /* System header to define __stub macros and hopefully few prototypes,
|     which can conflict with char srand48_deterministic (); below.
|     Prefer <limits.h> to <assert.h> if __STDC__ is defined, since
|     <limits.h> exists even on freestanding compilers.  */
| 
| #ifdef __STDC__
| # include <limits.h>
| #else
| # include <assert.h>
| #endif
| 
| #undef srand48_deterministic
| 
| /* Override any GCC internal prototype to avoid an error.
|    Use char because int might match the return type of a GCC
|    builtin and then its argument prototype would still apply.  */
| #ifdef __cplusplus
| extern "C"
| #endif
| char srand48_deterministic ();
| /* The GNU C library defines this for functions which it implements
|     to always fail with ENOSYS.  Some functions are actually named
|     something starting with __ and the normal name is an alias.  */
| #if defined __stub_srand48_deterministic || defined __stub___srand48_deterministic
| choke me
| #endif
| 
| int
| main ()
| {
| return srand48_deterministic ();
|   ;
|   return 0;
| }
configure:4430: result: no
configure:4442: checking whether fdatasync is declared
configure:4442: gcc -c  -Wall -g -O2 -fvisibility=hidden  conftest.c >&5
conftest.c:67:10: error: use of undeclared identifier 'fdatasync'
  (void) fdatasync;
         ^
1 error generated.
configure:4442: $? = 1
configure: failed program was:
| /* confdefs.h */
| #define PACKAGE_NAME "HTSlib"
| #define PACKAGE_TARNAME "htslib"
| #define PACKAGE_VERSION "1.15-7-g8caa1db"
| #define PACKAGE_STRING "HTSlib 1.15-7-g8caa1db"
| #define PACKAGE_BUGREPORT "samtools-help@lists.sourceforge.net"
| #define PACKAGE_URL "http://www.htslib.org/"
| #define STDC_HEADERS 1
| #define HAVE_SYS_TYPES_H 1
| #define HAVE_SYS_STAT_H 1
| #define HAVE_STDLIB_H 1
| #define HAVE_STRING_H 1
| #define HAVE_MEMORY_H 1
| #define HAVE_STRINGS_H 1
| #define HAVE_INTTYPES_H 1
| #define HAVE_STDINT_H 1
| #define HAVE_UNISTD_H 1
| #define HAVE_STDLIB_H 1
| #define HAVE_UNISTD_H 1
| #define HAVE_SYS_PARAM_H 1
| #define HAVE_GETPAGESIZE 1
| #define HAVE_MMAP 1
| #define HAVE_GMTIME_R 1
| #define HAVE_FSYNC 1
| #define HAVE_DRAND48 1
| /* end confdefs.h.  */
| #include <stdio.h>
| #ifdef HAVE_SYS_TYPES_H
| # include <sys/types.h>
| #endif
| #ifdef HAVE_SYS_STAT_H
| # include <sys/stat.h>
| #endif
| #ifdef STDC_HEADERS
| # include <stdlib.h>
| # include <stddef.h>
| #else
| # ifdef HAVE_STDLIB_H
| #  include <stdlib.h>
| # endif
| #endif
| #ifdef HAVE_STRING_H
| # if !defined STDC_HEADERS && defined HAVE_MEMORY_H
| #  include <memory.h>
| # endif
| # include <string.h>
| #endif
| #ifdef HAVE_STRINGS_H
| # include <strings.h>
| #endif
| #ifdef HAVE_INTTYPES_H
| # include <inttypes.h>
| #endif
| #ifdef HAVE_STDINT_H
| # include <stdint.h>
| #endif
| #ifdef HAVE_UNISTD_H
| # include <unistd.h>
| #endif
| int
| main ()
| {
| #ifndef fdatasync
| #ifdef __cplusplus
|   (void) fdatasync((int) 0);
| #else
|   (void) fdatasync;
| #endif
| #endif
| 
|   ;
|   return 0;
| }
configure:4442: result: no
configure:4581: checking for library containing log
configure:4612: gcc -o conftest  -Wall -g -O2 -fvisibility=hidden   -fvisibility=hidden conftest.c  >&5
conftest.c:34:6: warning: incompatible redeclaration of library function 'log' [-Wincompatible-library-redeclaration]
char log ();
     ^
conftest.c:34:6: note: 'log' is a builtin with type 'double (double)'
1 warning generated.
configure:4612: $? = 0
configure:4629: result: none required
configure:4649: checking for zlib.h
configure:4649: gcc -c  -Wall -g -O2 -fvisibility=hidden  conftest.c >&5
configure:4649: $? = 0
configure:4649: result: yes
configure:4658: checking for inflate in -lz
configure:4683: gcc -o conftest  -Wall -g -O2 -fvisibility=hidden   -fvisibility=hidden conftest.c -lz   >&5
configure:4683: $? = 0
configure:4692: result: yes
configure:4723: checking for library containing recv
configure:4754: gcc -o conftest  -Wall -g -O2 -fvisibility=hidden   -fvisibility=hidden conftest.c -lz  >&5
configure:4754: $? = 0
configure:4771: result: none required
configure:4817: checking for bzlib.h
configure:4817: gcc -c  -Wall -g -O2 -fvisibility=hidden  conftest.c >&5
configure:4817: $? = 0
configure:4817: result: yes
configure:4826: checking for BZ2_bzBuffToBuffCompress in -lbz2
configure:4851: gcc -o conftest  -Wall -g -O2 -fvisibility=hidden   -fvisibility=hidden conftest.c -lbz2  -lz  >&5
configure:4851: $? = 0
configure:4860: result: yes
configure:4904: checking for lzma.h
configure:4904: gcc -c  -Wall -g -O2 -fvisibility=hidden  conftest.c >&5
configure:4904: $? = 0
configure:4904: result: yes
configure:4917: checking for lzma_easy_buffer_encode in -llzma
configure:4942: gcc -o conftest  -Wall -g -O2 -fvisibility=hidden   -fvisibility=hidden conftest.c -llzma  -lbz2 -lz  >&5
configure:4942: $? = 0
configure:4951: result: yes
configure:5064: checking whether htscodecs files are present
configure:5067: result: yes
configure:5105: checking for libdeflate.h
configure:5105: gcc -c  -Wall -g -O2 -fvisibility=hidden  conftest.c >&5
configure:5105: $? = 0
configure:5105: result: yes
configure:5114: checking for libdeflate_deflate_compress in -ldeflate
configure:5139: gcc -o conftest  -Wall -g -O2 -fvisibility=hidden   -fvisibility=hidden conftest.c -ldeflate  -llzma -lbz2 -lz  >&5
configure:5139: $? = 0
configure:5148: result: yes
configure:5187: checking for curl/curl.h
configure:5187: gcc -c  -Wall -g -O2 -fvisibility=hidden  conftest.c >&5
configure:5187: $? = 0
configure:5187: result: yes
configure:5196: checking for curl_easy_pause in -lcurl
configure:5221: gcc -o conftest  -Wall -g -O2 -fvisibility=hidden   -fvisibility=hidden conftest.c -lcurl  -ldeflate -llzma -lbz2 -lz  >&5
configure:5221: $? = 0
configure:5230: result: yes
configure:5365: checking for CCHmac
configure:5365: gcc -o conftest  -Wall -g -O2 -fvisibility=hidden   -fvisibility=hidden conftest.c -ldeflate -llzma -lbz2 -lz  >&5
configure:5365: $? = 0
configure:5365: result: yes
configure:5462: checking for library containing regcomp
configure:5493: gcc -o conftest  -Wall -g -O2 -fvisibility=hidden   -fvisibility=hidden conftest.c -ldeflate -llzma -lbz2 -lz  >&5
configure:5493: $? = 0
configure:5510: result: none required
configure:5519: checking whether PTHREAD_MUTEX_RECURSIVE is declared
configure:5519: gcc -c  -Wall -g -O2 -fvisibility=hidden  conftest.c >&5
configure:5519: $? = 0
configure:5519: result: yes
configure:5685: creating ./config.status

## ---------------------- ##
## Running config.status. ##
## ---------------------- ##

This file was extended by HTSlib config.status 1.15-7-g8caa1db, which was
generated by GNU Autoconf 2.69.  Invocation command line was

  CONFIG_FILES    = 
  CONFIG_HEADERS  = 
  CONFIG_LINKS    = 
  CONFIG_COMMANDS = 
  $ ./config.status 

on kezwork.cf.ac.uk

config.status:850: creating config.mk
config.status:850: creating htslib.pc.tmp
config.status:850: creating config.h
config.status:1046: linking htscodecs_bundled.mk to htscodecs.mk

## ---------------- ##
## Cache variables. ##
## ---------------- ##

ac_cv_c_compiler_gnu=yes
ac_cv_env_CC_set=
ac_cv_env_CC_value=
ac_cv_env_CFLAGS_set=
ac_cv_env_CFLAGS_value=
ac_cv_env_CPPFLAGS_set=
ac_cv_env_CPPFLAGS_value=
ac_cv_env_CPP_set=
ac_cv_env_CPP_value=
ac_cv_env_LDFLAGS_set=
ac_cv_env_LDFLAGS_value=
ac_cv_env_LIBS_set=
ac_cv_env_LIBS_value=
ac_cv_env_PKG_CONFIG_LIBDIR_set=
ac_cv_env_PKG_CONFIG_LIBDIR_value=
ac_cv_env_PKG_CONFIG_PATH_set=
ac_cv_env_PKG_CONFIG_PATH_value=
ac_cv_env_PKG_CONFIG_set=
ac_cv_env_PKG_CONFIG_value=
ac_cv_env_build_alias_set=
ac_cv_env_build_alias_value=
ac_cv_env_host_alias_set=
ac_cv_env_host_alias_value=
ac_cv_env_target_alias_set=
ac_cv_env_target_alias_value=
ac_cv_func_CCHmac=yes
ac_cv_func_drand48=yes
ac_cv_func_fsync=yes
ac_cv_func_getpagesize=yes
ac_cv_func_gmtime_r=yes
ac_cv_func_mmap_fixed_mapped=yes
ac_cv_func_srand48_deterministic=no
ac_cv_have_decl_PTHREAD_MUTEX_RECURSIVE=yes
ac_cv_have_decl_fdatasync_int_=no
ac_cv_header_bzlib_h=yes
ac_cv_header_curl_curl_h=yes
ac_cv_header_inttypes_h=yes
ac_cv_header_libdeflate_h=yes
ac_cv_header_lzma_h=yes
ac_cv_header_memory_h=yes
ac_cv_header_stdc=yes
ac_cv_header_stdint_h=yes
ac_cv_header_stdlib_h=yes
ac_cv_header_string_h=yes
ac_cv_header_strings_h=yes
ac_cv_header_sys_param_h=yes
ac_cv_header_sys_stat_h=yes
ac_cv_header_sys_types_h=yes
ac_cv_header_unistd_h=yes
ac_cv_header_zlib_h=yes
ac_cv_lib_bz2_BZ2_bzBuffToBuffCompress=yes
ac_cv_lib_curl_curl_easy_pause=yes
ac_cv_lib_deflate_libdeflate_deflate_compress=yes
ac_cv_lib_lzma_lzma_easy_buffer_encode=yes
ac_cv_lib_z_inflate=yes
ac_cv_objext=o
ac_cv_path_EGREP='/usr/bin/grep -E'
ac_cv_path_GREP=/usr/bin/grep
ac_cv_path_ac_pt_PKG_CONFIG=/opt/local/bin/pkg-config
ac_cv_prog_CPP='gcc -E'
ac_cv_prog_ac_ct_CC=gcc
ac_cv_prog_ac_ct_RANLIB=ranlib
ac_cv_prog_cc_c89=
ac_cv_prog_cc_g=yes
ac_cv_search_log='none required'
ac_cv_search_recv='none required'
ac_cv_search_regcomp='none required'
ac_cv_sys_file_offset_bits=no
ac_cv_sys_largefile_CC=no
hts_cv_check__fvisibility_hidden=yes
hts_cv_prog_cc_warnings=-Wall

## ----------------- ##
## Output variables. ##
## ----------------- ##

CC='gcc'
CFLAGS=' -Wall -g -O2 -fvisibility=hidden'
CPP='gcc -E'
CPPFLAGS=''
CRYPTO_LIBS=''
DEFS='-DHAVE_CONFIG_H'
ECHO_C='\c'
ECHO_N=''
ECHO_T=''
EGREP='/usr/bin/grep -E'
EXEEXT=''
GREP='/usr/bin/grep'
HTSDIRslash_if_relsrcdir='$(HTSDIR)/'
LDFLAGS=' -fvisibility=hidden'
LIBOBJS=''
LIBS='-ldeflate -llzma -lbz2 -lz '
LTLIBOBJS=''
OBJEXT='o'
PACKAGE_BUGREPORT='samtools-help@lists.sourceforge.net'
PACKAGE_NAME='HTSlib'
PACKAGE_STRING='HTSlib 1.15-7-g8caa1db'
PACKAGE_TARNAME='htslib'
PACKAGE_URL='http://www.htslib.org/'
PACKAGE_VERSION='1.15-7-g8caa1db'
PATH_SEPARATOR=':'
PKG_CONFIG='/opt/local/bin/pkg-config'
PKG_CONFIG_LIBDIR=''
PKG_CONFIG_PATH=''
PLATFORM='Darwin'
PLUGIN_EXT='.bundle'
RANLIB='ranlib'
SHELL='/bin/sh'
ac_ct_CC='gcc'
bindir='${exec_prefix}/bin'
build_alias=''
datadir='${datarootdir}'
datarootdir='${prefix}/share'
docdir='${datarootdir}/doc/${PACKAGE_TARNAME}'
dvidir='${docdir}'
enable_plugins='no'
exec_prefix='${prefix}'
gcs='enabled'
host_alias=''
htmldir='${docdir}'
includedir='${prefix}/include'
infodir='${datarootdir}/info'
libcurl='enabled'
libdir='${exec_prefix}/lib'
libexecdir='${exec_prefix}/libexec'
localedir='${datarootdir}/locale'
localstatedir='${prefix}/var'
mandir='${datarootdir}/man'
oldincludedir='/usr/include'
pc_requires=' liblzma'
pdfdir='${docdir}'
plugindir='$(libexecdir)/htslib'
pluginpath='$(libexecdir)/htslib'
prefix='/usr/local'
private_LIBS=' -lbz2 -ldeflate'
program_transform_name='s,x,x,'
psdir='${docdir}'
s3='enabled'
sbindir='${exec_prefix}/sbin'
sharedstatedir='${prefix}/com'
static_LDFLAGS=''
static_LIBS='-lpthread -lz -lm -lbz2 -llzma -ldeflate -lcurl '
sysconfdir='${prefix}/etc'
target_alias=''
with_external_htscodecs='no'

## ----------- ##
## confdefs.h. ##
## ----------- ##

/* confdefs.h */
#define PACKAGE_NAME "HTSlib"
#define PACKAGE_TARNAME "htslib"
#define PACKAGE_VERSION "1.15-7-g8caa1db"
#define PACKAGE_STRING "HTSlib 1.15-7-g8caa1db"
#define PACKAGE_BUGREPORT "samtools-help@lists.sourceforge.net"
#define PACKAGE_URL "http://www.htslib.org/"
#define STDC_HEADERS 1
#define HAVE_SYS_TYPES_H 1
#define HAVE_SYS_STAT_H 1
#define HAVE_STDLIB_H 1
#define HAVE_STRING_H 1
#define HAVE_MEMORY_H 1
#define HAVE_STRINGS_H 1
#define HAVE_INTTYPES_H 1
#define HAVE_STDINT_H 1
#define HAVE_UNISTD_H 1
#define HAVE_STDLIB_H 1
#define HAVE_UNISTD_H 1
#define HAVE_SYS_PARAM_H 1
#define HAVE_GETPAGESIZE 1
#define HAVE_MMAP 1
#define HAVE_GMTIME_R 1
#define HAVE_FSYNC 1
#define HAVE_DRAND48 1
#define HAVE_LIBZ 1
#define HAVE_LIBBZ2 1
#define HAVE_LZMA_H 1
#define HAVE_LIBLZMA 1
#define HAVE_LIBDEFLATE 1
#define HAVE_LIBCURL 1
#define ENABLE_GCS 1
#define HAVE_COMMONCRYPTO 1
#define ENABLE_S3 1

configure: exit 0
